<?xml version="1.0" encoding="UTF-8"?>
<testsuite xmlns:xsi="http://www.w3.org/2001/XMLSchema-instance" xsi:noNamespaceSchemaLocation="https://maven.apache.org/surefire/maven-surefire-plugin/xsd/surefire-test-report.xsd" name="ba.unsa.etf.rpr.ExpressionEvaluatorTest" time="0.002" tests="6" errors="0" skipped="0" failures="0">
  <properties>
[...]
</properties>
  <testcase name="viseElemenata" classname="ba.unsa.etf.rpr.ExpressionEvaluatorTest" time="0"/>
  <testcase name="hamoTest1" classname="ba.unsa.etf.rpr.ExpressionEvaluatorTest" time="0"/>
  <testcase name="hamoTest2" classname="ba.unsa.etf.rpr.ExpressionEvaluatorTest" time="0"/>
  <testcase name="hamoTest3" classname="ba.unsa.etf.rpr.ExpressionEvaluatorTest" time="0"/>
  <testcase name="jedanSpace" classname="ba.unsa.etf.rpr.ExpressionEvaluatorTest" time="0.001"/>
  <testcase name="zagradeTest" classname="ba.unsa.etf.rpr.ExpressionEvaluatorTest" time="0"/>
</testsuite>